Using pre-set license
Built from '2020.3/staging' branch; Version is '2020.3.13f1 (71691879b7f5) revision 7432472'; Using compiler version '192528614'; Build Type 'Release'
OS: 'Windows 10 Home; OS build 19041.1110; Version 2004; 64bit' Language: 'en' Physical Memory: 16238 MB
BatchMode: 1, IsHumanControllingUs: 0, StartBugReporterOnCrash: 0, Is64bit: 1, IsPro: 0

 COMMAND LINE ARGUMENTS:
C:\Program Files\Unity\Hub\Editor\2020.3.11f1\2020.3.13f1\Editor\Unity.exe
-adb2
-batchMode
-noUpm
-name
AssetImportWorker0
-projectPath
D:/Unity projects/Home-assignment-OliGame/Home assignment - OliGame
-logFile
Logs/AssetImportWorker0.log
-srvPort
58515
Successfully changed project path to: D:/Unity projects/Home-assignment-OliGame/Home assignment - OliGame
D:/Unity projects/Home-assignment-OliGame/Home assignment - OliGame
Using Asset Import Pipeline V2.
Refreshing native plugins compatible for Editor in 27.05 ms, found 2 plugins.
Preloading 0 native plugins for Editor in 0.00 ms.
Initialize engine version: 2020.3.13f1 (71691879b7f5)
[Subsystems] Discovering subsystems at path C:/Program Files/Unity/Hub/Editor/2020.3.11f1/2020.3.13f1/Editor/Data/Resources/UnitySubsystems
[Subsystems] Discovering subsystems at path D:/Unity projects/Home-assignment-OliGame/Home assignment - OliGame/Assets
GfxDevice: creating device client; threaded=0
Direct3D:
    Version:  Direct3D 11.0 [level 11.1]
    Renderer: NVIDIA GeForce GTX 1050 Ti (ID=0x1c8c)
    Vendor:   
    VRAM:     4021 MB
    Driver:   27.21.14.5671
Initialize mono
Mono path[0] = 'C:/Program Files/Unity/Hub/Editor/2020.3.11f1/2020.3.13f1/Editor/Data/Managed'
Mono path[1] = 'C:/Program Files/Unity/Hub/Editor/2020.3.11f1/2020.3.13f1/Editor/Data/MonoBleedingEdge/lib/mono/unityjit'
Mono config path = 'C:/Program Files/Unity/Hub/Editor/2020.3.11f1/2020.3.13f1/Editor/Data/MonoBleedingEdge/etc'
Using monoOptions --debugger-agent=transport=dt_socket,embedding=1,server=y,suspend=n,address=127.0.0.1:56280
Begin MonoManager ReloadAssembly
Registering precompiled unity dll's ...
Register platform support module: C:/Program Files/Unity/Hub/Editor/2020.3.11f1/2020.3.13f1/Editor/Data/PlaybackEngines/WindowsStandaloneSupport/UnityEditor.WindowsStandalone.Extensions.dll
Registered in 0.002914 seconds.
Native extension for WindowsStandalone target not found
Refreshing native plugins compatible for Editor in 25.94 ms, found 2 plugins.
Preloading 0 native plugins for Editor in 0.00 ms.
Mono: successfully reloaded assembly
- Completed reload, in  1.344 seconds
Platform modules already initialized, skipping
Registering precompiled user dll's ...
Registered in 0.003235 seconds.
Begin MonoManager ReloadAssembly
Native extension for WindowsStandalone target not found
Refreshing native plugins compatible for Editor in 0.63 ms, found 2 plugins.
Preloading 0 native plugins for Editor in 0.00 ms.
Mono: successfully reloaded assembly
- Completed reload, in  1.018 seconds
Platform modules already initialized, skipping
========================================================================
Worker process is ready to serve import requests
Launched and connected shader compiler UnityShaderCompiler.exe after 0.05 seconds
Refreshing native plugins compatible for Editor in 0.65 ms, found 2 plugins.
Preloading 0 native plugins for Editor in 0.00 ms.
Unloading 1539 Unused Serialized files (Serialized files now loaded: 0)
System memory in use before: 69.6 MB.
System memory in use after: 69.7 MB.

Unloading 19 unused Assets to reduce memory usage. Loaded Objects now: 1972.
Total: 2.038400 ms (FindLiveObjects: 0.190600 ms CreateObjectMapping: 0.043500 ms MarkObjects: 1.750000 ms  DeleteObjects: 0.053200 ms)

AssetImportParameters requested are different than current active one (requested -> active):
  custom:framework-win-MediaFoundation: 216162199b28c13a410421893ffa2e32 -> 
  custom:video-decoder-ogg-theora: a1e56fd34408186e4bbccfd4996cb3dc -> 
  custom:container-muxer-webm: aa71ff27fc2769a1b78a27578f13a17b -> 
  custom:container-demuxer-webm: 4f35f7cbe854078d1ac9338744f61a02 -> 
  custom:container-demuxer-ogg: 62fdf1f143b41e24485cea50d1cbac27 -> 
  custom:video-encoder-webm-vp8: eb34c28f22e8b96e1ab97ce403110664 -> 
  custom:video-codec-MediaFoundation-h265: 746d11721c4dcdbdad8f713fa42b33f4 -> 
  custom:video-decoder-webm-vp8: 9c59270c3fd7afecdb556c50c9e8de78 -> 
  custom:audio-decoder-ogg-vorbis: bf7c407c2cedff20999df2af8eb42d56 -> 
  custom:audio-encoder-webm-vorbis: bf7c407c2cedff20999df2af8eb42d56 -> 
========================================================================
Received Import Request.
  path: Assets/Scenes
  artifactKey: Guid(31136c2ff3f141b4a924510c5c7f7f56) Importer(815301076,1909f56bfc062723c751e8b465ee728b)
Start importing Assets/Scenes using Guid(31136c2ff3f141b4a924510c5c7f7f56) Importer(815301076,1909f56bfc062723c751e8b465ee728b)  -> (artifact id: 'd1751fd9c1513f0674f8db8aa15183ff') in 0.006982 seconds 
  Import took 0.009126 seconds .

========================================================================
Received Import Request.
  Time since last request: 2.935160 seconds.
  path: Assets/_Project/Scenes
  artifactKey: Guid(362ea3322fc996744a94914a1b7a9583) Importer(815301076,1909f56bfc062723c751e8b465ee728b)
Start importing Assets/_Project/Scenes using Guid(362ea3322fc996744a94914a1b7a9583) Importer(815301076,1909f56bfc062723c751e8b465ee728b)  -> (artifact id: '195e4d0dad50886c4730149aec563408') in 0.008422 seconds 
  Import took 0.010955 seconds .

========================================================================
Received Import Request.
  Time since last request: 0.714754 seconds.
  path: Assets/_Project/Scenes/TestScene.unity
  artifactKey: Guid(ed44b664881ca1840b77928b8155412f) Importer(815301076,1909f56bfc062723c751e8b465ee728b)
Start importing Assets/_Project/Scenes/TestScene.unity using Guid(ed44b664881ca1840b77928b8155412f) Importer(815301076,1909f56bfc062723c751e8b465ee728b)  -> (artifact id: '072fb189dda874d8090b4cf551fdd1a6') in 0.017036 seconds 
  Import took 0.019415 seconds .

========================================================================
Received Import Request.
  Time since last request: 592.966018 seconds.
  path: Assets/_Project
  artifactKey: Guid(8aa0dd50cf749ec43968e776a643dc1a) Importer(815301076,1909f56bfc062723c751e8b465ee728b)
Start importing Assets/_Project using Guid(8aa0dd50cf749ec43968e776a643dc1a) Importer(815301076,1909f56bfc062723c751e8b465ee728b)  -> (artifact id: '0c993ed70869a49824f12b756099ba9e') in 0.006257 seconds 
  Import took 0.009199 seconds .

========================================================================
Received Import Request.
  Time since last request: 0.001681 seconds.
  path: Assets/_Project
  artifactKey: Guid(8aa0dd50cf749ec43968e776a643dc1a) Importer(815301076,1909f56bfc062723c751e8b465ee728b)
Start importing Assets/_Project using Guid(8aa0dd50cf749ec43968e776a643dc1a) Importer(815301076,1909f56bfc062723c751e8b465ee728b)  -> (artifact id: '0c993ed70869a49824f12b756099ba9e') in 0.004039 seconds 
  Import took 0.007633 seconds .

========================================================================
Received Import Request.
  Time since last request: 0.598861 seconds.
  path: Assets/_Project/Art
  artifactKey: Guid(a1230372adb267a44a02b3b06d8b175d) Importer(815301076,1909f56bfc062723c751e8b465ee728b)
Start importing Assets/_Project/Art using Guid(a1230372adb267a44a02b3b06d8b175d) Importer(815301076,1909f56bfc062723c751e8b465ee728b)  -> (artifact id: '781341f4941ed5309cd208ec82d78a93') in 0.008374 seconds 
  Import took 0.010784 seconds .

========================================================================
Received Import Request.
  Time since last request: 11.856109 seconds.
  path: Assets/_Project/Art/3D model
  artifactKey: Guid(5b92ef9b0e571ed4c9dc92e5a8e80892) Importer(815301076,1909f56bfc062723c751e8b465ee728b)
Start importing Assets/_Project/Art/3D model using Guid(5b92ef9b0e571ed4c9dc92e5a8e80892) Importer(815301076,1909f56bfc062723c751e8b465ee728b)  -> (artifact id: 'ee8080797bf7c181e7a311131e0d60ce') in 0.007528 seconds 
  Import took 0.011481 seconds .

========================================================================
Received Import Request.
  Time since last request: 0.051684 seconds.
  path: Assets/_Project/Art/3D model/passive_marker_man.fbx
  artifactKey: Guid(23cf00b46e37e2c4a9318a91e18a5d22) Importer(815301076,1909f56bfc062723c751e8b465ee728b)
Start importing Assets/_Project/Art/3D model/passive_marker_man.fbx using Guid(23cf00b46e37e2c4a9318a91e18a5d22) Importer(815301076,1909f56bfc062723c751e8b465ee728b)  -> (artifact id: 'da239a5e8994208af1872d3e085cfdcf') in 0.524678 seconds 
  Import took 0.527705 seconds .

========================================================================
Received Import Request.
  Time since last request: 134.362056 seconds.
  path: Assets/_Project/Art/3D model/passive_marker_man.fbx
  artifactKey: Guid(23cf00b46e37e2c4a9318a91e18a5d22) Importer(815301076,1909f56bfc062723c751e8b465ee728b)
Start importing Assets/_Project/Art/3D model/passive_marker_man.fbx using Guid(23cf00b46e37e2c4a9318a91e18a5d22) Importer(815301076,1909f56bfc062723c751e8b465ee728b)  -> (artifact id: 'e2ab6c33ead6a9c5983e27ef0535a4f3') in 0.091023 seconds 
  Import took 0.094252 seconds .

========================================================================
Received Import Request.
  Time since last request: 3.904089 seconds.
  path: Assets/_Project/Art/3D model/Main character
  artifactKey: Guid(7f1710ddf63d0774389ecdf494daabaf) Importer(815301076,1909f56bfc062723c751e8b465ee728b)
Start importing Assets/_Project/Art/3D model/Main character using Guid(7f1710ddf63d0774389ecdf494daabaf) Importer(815301076,1909f56bfc062723c751e8b465ee728b)  -> (artifact id: 'e7358e692b7614939982ad0e5d6944c9') in 0.008577 seconds 
  Import took 0.012793 seconds .

========================================================================
Received Import Request.
  Time since last request: 0.001251 seconds.
  path: Assets/_Project/Art/3D model/Main character
  artifactKey: Guid(7f1710ddf63d0774389ecdf494daabaf) Importer(815301076,1909f56bfc062723c751e8b465ee728b)
Start importing Assets/_Project/Art/3D model/Main character using Guid(7f1710ddf63d0774389ecdf494daabaf) Importer(815301076,1909f56bfc062723c751e8b465ee728b)  -> (artifact id: 'e7358e692b7614939982ad0e5d6944c9') in 0.002291 seconds 
  Import took 0.006574 seconds .

========================================================================
Received Import Request.
  Time since last request: 0.051506 seconds.
  path: Assets/_Project/Art/3D model/Main character/Body_MAT.mat
  artifactKey: Guid(120c6d56ebf054446ab981ddbb8b965f) Importer(815301076,1909f56bfc062723c751e8b465ee728b)
Start importing Assets/_Project/Art/3D model/Main character/Body_MAT.mat using Guid(120c6d56ebf054446ab981ddbb8b965f) Importer(815301076,1909f56bfc062723c751e8b465ee728b)  -> (artifact id: '8c372677065d9842ffeafac6f6f92707') in 0.030700 seconds 
  Import took 0.033294 seconds .

========================================================================
Received Import Request.
  Time since last request: 0.000355 seconds.
  path: Assets/_Project/Art/3D model/Main character/Eye_Spec_MAT.mat
  artifactKey: Guid(3c423b9439972d64d947cffebf451195) Importer(815301076,1909f56bfc062723c751e8b465ee728b)
Start importing Assets/_Project/Art/3D model/Main character/Eye_Spec_MAT.mat using Guid(3c423b9439972d64d947cffebf451195) Importer(815301076,1909f56bfc062723c751e8b465ee728b)  -> (artifact id: '15ecbd8e1907b7aeadc47c3c8fa027cf') in 0.013263 seconds 
  Import took 0.016182 seconds .

========================================================================
Received Import Request.
  Time since last request: 0.001037 seconds.
  path: Assets/_Project/Art/3D model/Main character/Eye_MAT.mat
  artifactKey: Guid(88b2aa3b9ed15114f83f7f7b163675b5) Importer(815301076,1909f56bfc062723c751e8b465ee728b)
Start importing Assets/_Project/Art/3D model/Main character/Eye_MAT.mat using Guid(88b2aa3b9ed15114f83f7f7b163675b5) Importer(815301076,1909f56bfc062723c751e8b465ee728b)  -> (artifact id: 'e4690fae4d908319a363be1631bae489') in 0.025271 seconds 
  Import took 0.029136 seconds .

========================================================================
Received Import Request.
  Time since last request: 0.000402 seconds.
  path: Assets/_Project/Art/3D model/Main character/Reflectors.mat
  artifactKey: Guid(5ef59b9ba791ac14386ec001788d424e) Importer(815301076,1909f56bfc062723c751e8b465ee728b)
Start importing Assets/_Project/Art/3D model/Main character/Reflectors.mat using Guid(5ef59b9ba791ac14386ec001788d424e) Importer(815301076,1909f56bfc062723c751e8b465ee728b)  -> (artifact id: '94a3f387971f02c830571eeaa5b32445') in 0.043842 seconds 
  Import took 0.047204 seconds .

========================================================================
Received Import Request.
  Time since last request: 0.000417 seconds.
  path: Assets/_Project/Art/3D model/Main character/Brows_MAT.mat
  artifactKey: Guid(ffa5a1507a6a6d043b178230193e3b09) Importer(815301076,1909f56bfc062723c751e8b465ee728b)
Start importing Assets/_Project/Art/3D model/Main character/Brows_MAT.mat using Guid(ffa5a1507a6a6d043b178230193e3b09) Importer(815301076,1909f56bfc062723c751e8b465ee728b)  -> (artifact id: '501ee26c64917bacaf65be07494eb01d') in 0.025827 seconds 
  Import took 0.028809 seconds .

========================================================================
Received Import Request.
  Time since last request: 20.309374 seconds.
  path: Assets/_Project/Art/3D model/passive_marker_man.fbx
  artifactKey: Guid(23cf00b46e37e2c4a9318a91e18a5d22) Importer(815301076,1909f56bfc062723c751e8b465ee728b)
Start importing Assets/_Project/Art/3D model/passive_marker_man.fbx using Guid(23cf00b46e37e2c4a9318a91e18a5d22) Importer(815301076,1909f56bfc062723c751e8b465ee728b)  -> (artifact id: '497bfd27278ddf3772ed5f3a82b223cb') in 0.095124 seconds 
  Import took 0.099436 seconds .

========================================================================
Received Import Request.
  Time since last request: 3.051530 seconds.
  path: Assets/_Project/Art/3D model/Main character/MocapSuit02_diffuse.png
  artifactKey: Guid(193a7b0f90723bd4ba1c1229db71464d) Importer(815301076,1909f56bfc062723c751e8b465ee728b)
Start importing Assets/_Project/Art/3D model/Main character/MocapSuit02_diffuse.png using Guid(193a7b0f90723bd4ba1c1229db71464d) Importer(815301076,1909f56bfc062723c751e8b465ee728b)  -> (artifact id: 'c9d74cb3e4a1dba80ae600052f9b5d22') in 0.042197 seconds 
  Import took 0.045177 seconds .

========================================================================
Received Import Request.
  Time since last request: 94.474476 seconds.
  path: Assets/_Project/Art/3D model/Adventure_Character/Mesh/Man_Mesh.FBX
  artifactKey: Guid(b8a7488d12adc39498433d60811eab1a) Importer(815301076,1909f56bfc062723c751e8b465ee728b)
Start importing Assets/_Project/Art/3D model/Adventure_Character/Mesh/Man_Mesh.FBX using Guid(b8a7488d12adc39498433d60811eab1a) Importer(815301076,1909f56bfc062723c751e8b465ee728b)  -> (artifact id: 'a73be1a21aa43a7db4d794674d439b00') in 0.605955 seconds 
  Import took 0.610670 seconds .

========================================================================
Received Import Request.
  Time since last request: 0.000223 seconds.
  path: Assets/_Project/Art/3D model/Adventure_Character/Materials/Man_Cloth_Up_02.mat
  artifactKey: Guid(1fa5b2a9d37f61244aefcdac8092f401) Importer(815301076,1909f56bfc062723c751e8b465ee728b)
Start importing Assets/_Project/Art/3D model/Adventure_Character/Materials/Man_Cloth_Up_02.mat using Guid(1fa5b2a9d37f61244aefcdac8092f401) Importer(815301076,1909f56bfc062723c751e8b465ee728b)  -> (artifact id: 'b16691ef64741588bc89cf8736431f2d') in 0.276827 seconds 
  Import took 0.282809 seconds .

========================================================================
Received Import Request.
  Time since last request: 0.000508 seconds.
  path: Assets/_Project/Art/3D model/Adventure_Character/Materials/Man_Cloth_Up_03.mat
  artifactKey: Guid(d8545fb76914297488e63ac18a80c3a2) Importer(815301076,1909f56bfc062723c751e8b465ee728b)
Start importing Assets/_Project/Art/3D model/Adventure_Character/Materials/Man_Cloth_Up_03.mat using Guid(d8545fb76914297488e63ac18a80c3a2) Importer(815301076,1909f56bfc062723c751e8b465ee728b)  -> (artifact id: '2f2aaf776722231cb1490fa3c472bf45') in 0.086795 seconds 
  Import took 0.092555 seconds .

========================================================================
Received Import Request.
  Time since last request: 0.000495 seconds.
  path: Assets/_Project/Art/3D model/Adventure_Character/Materials/Man_Cloth_Down_02.mat
  artifactKey: Guid(bad921bf5cea1f04687b3f7577ac9d34) Importer(815301076,1909f56bfc062723c751e8b465ee728b)
Start importing Assets/_Project/Art/3D model/Adventure_Character/Materials/Man_Cloth_Down_02.mat using Guid(bad921bf5cea1f04687b3f7577ac9d34) Importer(815301076,1909f56bfc062723c751e8b465ee728b)  -> (artifact id: '8dbc38a8820df563896895acba032d69') in 0.071438 seconds 
  Import took 0.077496 seconds .

========================================================================
Received Import Request.
  Time since last request: 0.000285 seconds.
  path: Assets/_Project/Art/3D model/Adventure_Character/Materials/Man_Cloth_Down_03.mat
  artifactKey: Guid(a3c5be1a8d065a44ba4ad43c3c18b64e) Importer(815301076,1909f56bfc062723c751e8b465ee728b)
Start importing Assets/_Project/Art/3D model/Adventure_Character/Materials/Man_Cloth_Down_03.mat using Guid(a3c5be1a8d065a44ba4ad43c3c18b64e) Importer(815301076,1909f56bfc062723c751e8b465ee728b)  -> (artifact id: '32643d74a587540ff7ccac4e11fa3837') in 0.063109 seconds 
  Import took 0.069078 seconds .

========================================================================
Received Import Request.
  Time since last request: 0.000309 seconds.
  path: Assets/_Project/Art/3D model/Adventure_Character/Materials/Man_Cloth_Down_01.mat
  artifactKey: Guid(3de4d0b74e6a35c4eb1d6331940920e3) Importer(815301076,1909f56bfc062723c751e8b465ee728b)
Start importing Assets/_Project/Art/3D model/Adventure_Character/Materials/Man_Cloth_Down_01.mat using Guid(3de4d0b74e6a35c4eb1d6331940920e3) Importer(815301076,1909f56bfc062723c751e8b465ee728b)  -> (artifact id: 'a839d4bac08a83f16b4b7c3cac0dd704') in 0.064703 seconds 
  Import took 0.070496 seconds .

========================================================================
Received Import Request.
  Time since last request: 0.000289 seconds.
  path: Assets/_Project/Art/3D model/Adventure_Character/Mesh/Stand.obj
  artifactKey: Guid(3c301751d216fda459821781864ff346) Importer(815301076,1909f56bfc062723c751e8b465ee728b)
Start importing Assets/_Project/Art/3D model/Adventure_Character/Mesh/Stand.obj using Guid(3c301751d216fda459821781864ff346) Importer(815301076,1909f56bfc062723c751e8b465ee728b)  -> (artifact id: '8b6b4e1260e6790616680261ca890054') in 0.025503 seconds 
  Import took 0.028219 seconds .

========================================================================
Received Import Request.
  Time since last request: 0.000283 seconds.
  path: Assets/_Project/Art/3D model/Adventure_Character/Materials/Man_Body.mat
  artifactKey: Guid(215fc7c8e2d87c8438088b27a1600878) Importer(815301076,1909f56bfc062723c751e8b465ee728b)
Start importing Assets/_Project/Art/3D model/Adventure_Character/Materials/Man_Body.mat using Guid(215fc7c8e2d87c8438088b27a1600878) Importer(815301076,1909f56bfc062723c751e8b465ee728b)  -> (artifact id: '4a642dcd9cb3ad4d181541125e9ab842') in 0.070426 seconds 
  Import took 0.075734 seconds .

========================================================================
Received Import Request.
  Time since last request: 0.000291 seconds.
  path: Assets/_Project/Art/3D model/Adventure_Character/Materials/Man_Cloth_Up_01.mat
  artifactKey: Guid(b2388b7cee621b040a376272b202b6bf) Importer(815301076,1909f56bfc062723c751e8b465ee728b)
Start importing Assets/_Project/Art/3D model/Adventure_Character/Materials/Man_Cloth_Up_01.mat using Guid(b2388b7cee621b040a376272b202b6bf) Importer(815301076,1909f56bfc062723c751e8b465ee728b)  -> (artifact id: '50fb71831b2119f128fd1c2be95621d6') in 0.063867 seconds 
  Import took 0.069737 seconds .

========================================================================
Received Import Request.
  Time since last request: 0.000285 seconds.
  path: Assets/_Project/Art/Materials/M_Floor.mat
  artifactKey: Guid(9e39b24905f071748893f173a81e58cc) Importer(815301076,1909f56bfc062723c751e8b465ee728b)
Start importing Assets/_Project/Art/Materials/M_Floor.mat using Guid(9e39b24905f071748893f173a81e58cc) Importer(815301076,1909f56bfc062723c751e8b465ee728b)  -> (artifact id: '4a5c3a194572dc4b12625f925a49f20b') in 0.013028 seconds 
  Import took 0.017229 seconds .

========================================================================
Received Import Request.
  Time since last request: 1.820580 seconds.
  path: Assets/_Project/Art/3D model/Adventure_Character
  artifactKey: Guid(b8a24b916cbdc2843bd9dd1cb792fc0d) Importer(815301076,1909f56bfc062723c751e8b465ee728b)
Start importing Assets/_Project/Art/3D model/Adventure_Character using Guid(b8a24b916cbdc2843bd9dd1cb792fc0d) Importer(815301076,1909f56bfc062723c751e8b465ee728b)  -> (artifact id: '011e313f48e949fb84bec2d867ebbf7e') in 0.009413 seconds 
  Import took 0.013027 seconds .

========================================================================
Received Import Request.
  Time since last request: 1.325686 seconds.
  path: Assets/_Project/Art/3D model/Adventure_Character/Prefabs
  artifactKey: Guid(a4767ed5cb0999f44999893699fafe99) Importer(815301076,1909f56bfc062723c751e8b465ee728b)
Start importing Assets/_Project/Art/3D model/Adventure_Character/Prefabs using Guid(a4767ed5cb0999f44999893699fafe99) Importer(815301076,1909f56bfc062723c751e8b465ee728b)  -> (artifact id: '7712e658060a486837409581c1c94a42') in 0.008563 seconds 
  Import took 0.011109 seconds .

========================================================================
Received Import Request.
  Time since last request: 0.054711 seconds.
  path: Assets/_Project/Art/3D model/Adventure_Character/Prefabs/Man_01.prefab
  artifactKey: Guid(ebc4580c7ed532b4cb07171aed640d52) Importer(815301076,1909f56bfc062723c751e8b465ee728b)
Start importing Assets/_Project/Art/3D model/Adventure_Character/Prefabs/Man_01.prefab using Guid(ebc4580c7ed532b4cb07171aed640d52) Importer(815301076,1909f56bfc062723c751e8b465ee728b)  -> (artifact id: '4f669794be55512463ff3b235a71074e') in 0.073411 seconds 
  Import took 0.079795 seconds .

========================================================================
Received Import Request.
  Time since last request: 0.000340 seconds.
  path: Assets/_Project/Art/3D model/Adventure_Character/Prefabs/Man_02.prefab
  artifactKey: Guid(7ee9a881584999e498cd568894ff4b39) Importer(815301076,1909f56bfc062723c751e8b465ee728b)
Start importing Assets/_Project/Art/3D model/Adventure_Character/Prefabs/Man_02.prefab using Guid(7ee9a881584999e498cd568894ff4b39) Importer(815301076,1909f56bfc062723c751e8b465ee728b)  -> (artifact id: '8a302e26537304c2f2a72ac13b9aac57') in 0.134451 seconds 
  Import took 0.144944 seconds .

========================================================================
Received Import Request.
  Time since last request: 0.000398 seconds.
  path: Assets/_Project/Art/3D model/Adventure_Character/Prefabs/Man_Full.prefab
  artifactKey: Guid(5358fd1db56fd5f4ebd3a9185f223155) Importer(815301076,1909f56bfc062723c751e8b465ee728b)
Start importing Assets/_Project/Art/3D model/Adventure_Character/Prefabs/Man_Full.prefab using Guid(5358fd1db56fd5f4ebd3a9185f223155) Importer(815301076,1909f56bfc062723c751e8b465ee728b)  -> (artifact id: '571cd12d5a489c8f3f86d7015889043b') in 0.187614 seconds 
  Import took 0.203744 seconds .

========================================================================
Received Import Request.
  Time since last request: 0.000370 seconds.
  path: Assets/_Project/Art/3D model/Adventure_Character/Prefabs/Man_04.prefab
  artifactKey: Guid(889d24f8fc349cf45b463fb9b13b0143) Importer(815301076,1909f56bfc062723c751e8b465ee728b)
Start importing Assets/_Project/Art/3D model/Adventure_Character/Prefabs/Man_04.prefab using Guid(889d24f8fc349cf45b463fb9b13b0143) Importer(815301076,1909f56bfc062723c751e8b465ee728b)  -> (artifact id: 'f13ee3f1f9b1954d850a409943be8b5b') in 0.179065 seconds 
  Import took 0.195595 seconds .

========================================================================
Received Import Request.
  Time since last request: 0.000396 seconds.
  path: Assets/_Project/Art/3D model/Adventure_Character/Prefabs/Man_03.prefab
  artifactKey: Guid(da1203547328fdb41974e0b5334e799a) Importer(815301076,1909f56bfc062723c751e8b465ee728b)
Start importing Assets/_Project/Art/3D model/Adventure_Character/Prefabs/Man_03.prefab using Guid(da1203547328fdb41974e0b5334e799a) Importer(815301076,1909f56bfc062723c751e8b465ee728b)  -> (artifact id: '2d3d4d9ca12a93fb76c75caec5ebcfcd') in 0.196499 seconds 
  Import took 0.217014 seconds .

========================================================================
Received Import Request.
  Time since last request: 4.131175 seconds.
  path: Assets/_Project/Art/3D model/Adventure_Character/Mesh
  artifactKey: Guid(c2e93fc3ba422d843b4175b7b0c1e1c2) Importer(815301076,1909f56bfc062723c751e8b465ee728b)
Start importing Assets/_Project/Art/3D model/Adventure_Character/Mesh using Guid(c2e93fc3ba422d843b4175b7b0c1e1c2) Importer(815301076,1909f56bfc062723c751e8b465ee728b)  -> (artifact id: 'ce9b173d57ab65796b957baa2db6c2f9') in 0.006486 seconds 
  Import took 0.010554 seconds .

========================================================================
Received Import Request.
  Time since last request: 0.001167 seconds.
  path: Assets/_Project/Art/3D model/Adventure_Character/Mesh
  artifactKey: Guid(c2e93fc3ba422d843b4175b7b0c1e1c2) Importer(815301076,1909f56bfc062723c751e8b465ee728b)
Start importing Assets/_Project/Art/3D model/Adventure_Character/Mesh using Guid(c2e93fc3ba422d843b4175b7b0c1e1c2) Importer(815301076,1909f56bfc062723c751e8b465ee728b)  -> (artifact id: 'ce9b173d57ab65796b957baa2db6c2f9') in 0.003422 seconds 
  Import took 0.006569 seconds .

========================================================================
Received Import Request.
  Time since last request: 154.708146 seconds.
  path: Assets/_Project/Art/3D model/Mixamo 3D character
  artifactKey: Guid(f2d49070458e38545a2169806044a85b) Importer(815301076,1909f56bfc062723c751e8b465ee728b)
Start importing Assets/_Project/Art/3D model/Mixamo 3D character using Guid(f2d49070458e38545a2169806044a85b) Importer(815301076,1909f56bfc062723c751e8b465ee728b)  -> (artifact id: '275baa11fb934c0d74caccfa43b2fc7b') in 0.008242 seconds 
  Import took 0.011231 seconds .

========================================================================
Received Import Request.
  Time since last request: 0.000585 seconds.
  path: Assets/_Project/Art/3D model/Mixamo 3D character
  artifactKey: Guid(f2d49070458e38545a2169806044a85b) Importer(815301076,1909f56bfc062723c751e8b465ee728b)
Start importing Assets/_Project/Art/3D model/Mixamo 3D character using Guid(f2d49070458e38545a2169806044a85b) Importer(815301076,1909f56bfc062723c751e8b465ee728b)  -> (artifact id: '275baa11fb934c0d74caccfa43b2fc7b') in 0.001874 seconds 
  Import took 0.005518 seconds .

========================================================================
Received Import Request.
  Time since last request: 0.059850 seconds.
  path: Assets/_Project/Art/3D model/Mixamo 3D character/passive_marker_man.fbx
  artifactKey: Guid(aaf2a9ca559e4864cb5dcbc88179a10e) Importer(815301076,1909f56bfc062723c751e8b465ee728b)
Start importing Assets/_Project/Art/3D model/Mixamo 3D character/passive_marker_man.fbx using Guid(aaf2a9ca559e4864cb5dcbc88179a10e) Importer(815301076,1909f56bfc062723c751e8b465ee728b)  -> (artifact id: '3568181ffd734fcfa759b20b1b9763b4') in 0.080835 seconds 
  Import took 0.084351 seconds .

========================================================================
Received Import Request.
  Time since last request: 6.377396 seconds.
  path: Assets/_Project/Art/3D model/Mixamo 3D character/MocapSuit02_diffuse.png
  artifactKey: Guid(cdbe500c24f531a4ba21d552b8f1a28b) Importer(815301076,1909f56bfc062723c751e8b465ee728b)
Start importing Assets/_Project/Art/3D model/Mixamo 3D character/MocapSuit02_diffuse.png using Guid(cdbe500c24f531a4ba21d552b8f1a28b) Importer(815301076,1909f56bfc062723c751e8b465ee728b)  -> (artifact id: '4f003dd08b93e9fc3a9ac708702e1d82') in 0.023146 seconds 
  Import took 0.028638 seconds .

========================================================================
Received Import Request.
  Time since last request: 0.000679 seconds.
  path: Assets/_Project/Art/3D model/Mixamo 3D character/passive_marker_man.fbx
  artifactKey: Guid(aaf2a9ca559e4864cb5dcbc88179a10e) Importer(815301076,1909f56bfc062723c751e8b465ee728b)
Start importing Assets/_Project/Art/3D model/Mixamo 3D character/passive_marker_man.fbx using Guid(aaf2a9ca559e4864cb5dcbc88179a10e) Importer(815301076,1909f56bfc062723c751e8b465ee728b)  -> (artifact id: '676f4b646d17693aa329c3ed8cfeb325') in 0.152380 seconds 
  Import took 0.158065 seconds .

